INFO:root: Started at 2021-02-22 02:04:19.694870
INFO:root: Source language version file ('FL419 UK.xls') found
INFO:root: Kantar's langtag: 'IT'
INFO:root: Trying to create TM for 'it-IT'
INFO:root: Writing TMX output to file 'EB_it-IT_TM.tmx'
INFO:root: Kantar's langtag: 'DE'
INFO:root: Trying to create TM for 'de-DE'
INFO:root: Writing TMX output to file 'EB_de-DE_TM.tmx'
INFO:root: Kantar's langtag: 'BEF'
INFO:root: Trying to create TM for 'fr-BE'
INFO:root: Writing TMX output to file 'EB_fr-BE_TM.tmx'
INFO:root: Kantar's langtag: 'HR'
INFO:root: Trying to create TM for 'hr-HR'
INFO:root: Writing TMX output to file 'EB_hr-HR_TM.tmx'
INFO:root: Kantar's langtag: 'PT'
INFO:root: Trying to create TM for 'pt-PT'
INFO:root: Writing TMX output to file 'EB_pt-PT_TM.tmx'
INFO:root: Kantar's langtag: 'MTE'
INFO:root: Trying to create TM for 'en-MT'
INFO:root: Writing TMX output to file 'EB_en-MT_TM.tmx'
INFO:root: Kantar's langtag: 'RO'
INFO:root: Trying to create TM for 'ro-RO'
INFO:root: Writing TMX output to file 'EB_ro-RO_TM.tmx'
INFO:root: Kantar's langtag: 'SK'
INFO:root: Trying to create TM for 'sk-SK'
INFO:root: Writing TMX output to file 'EB_sk-SK_TM.tmx'
INFO:root: Kantar's langtag: 'FIS'
INFO:root: Trying to create TM for 'sv-FI'
INFO:root: Writing TMX output to file 'EB_sv-FI_TM.tmx'
INFO:root: Kantar's langtag: 'IS'
INFO:root: Trying to create TM for 'is-IS'
INFO:root: Writing TMX output to file 'EB_is-IS_TM.tmx'
INFO:root: Kantar's langtag: 'HU'
INFO:root: Trying to create TM for 'hu-HU'
INFO:root: Writing TMX output to file 'EB_hu-HU_TM.tmx'
INFO:root: Kantar's langtag: 'ES'
INFO:root: Trying to create TM for 'es-ES'
INFO:root: Writing TMX output to file 'EB_es-ES_TM.tmx'
INFO:root: Kantar's langtag: 'FIF'
INFO:root: Trying to create TM for 'fi-FI'
INFO:root: Writing TMX output to file 'EB_fi-FI_TM.tmx'
INFO:root: Kantar's langtag: 'SI'
INFO:root: Trying to create TM for 'sl-SI'
INFO:root: Writing TMX output to file 'EB_sl-SI_TM.tmx'
INFO:root: Kantar's langtag: 'BG'
INFO:root: Trying to create TM for 'bg-BG'
INFO:root: Writing TMX output to file 'EB_bg-BG_TM.tmx'
INFO:root: Kantar's langtag: 'LUG'
INFO:root: Trying to create TM for 'de-LU'
INFO:root: Writing TMX output to file 'EB_de-LU_TM.tmx'
INFO:root: Kantar's langtag: 'IEX'
INFO:root: Trying to create TM for 'en-IE'
INFO:root: Writing TMX output to file 'EB_en-IE_TM.tmx'
INFO:root: Kantar's langtag: 'LUF'
INFO:root: Trying to create TM for 'fr-LU'
INFO:root: Writing TMX output to file 'EB_fr-LU_TM.tmx'
INFO:root: Kantar's langtag: 'CHG'
INFO:root: Trying to create TM for 'de-CH'
INFO:root: Writing TMX output to file 'EB_de-CH_TM.tmx'
INFO:root: Kantar's langtag: 'CHF'
INFO:root: Trying to create TM for 'fr-CH'
INFO:root: Writing TMX output to file 'EB_fr-CH_TM.tmx'
INFO:root: Kantar's langtag: 'UK'
INFO:root: Kantar's langtag: 'EER'
INFO:root: Trying to create TM for 'ru-EE'
INFO:root: Writing TMX output to file 'EB_ru-EE_TM.tmx'
INFO:root: Kantar's langtag: 'EEE'
INFO:root: Trying to create TM for 'et-EE'
INFO:root: Writing TMX output to file 'EB_et-EE_TM.tmx'
INFO:root: Kantar's langtag: 'IEI'
INFO:root: Trying to create TM for 'ga-IE'
INFO:root: Writing TMX output to file 'EB_ga-IE_TM.tmx'
INFO:root: Kantar's langtag: 'LVL'
INFO:root: Trying to create TM for 'lv-LV'
INFO:root: Writing TMX output to file 'EB_lv-LV_TM.tmx'
INFO:root: Kantar's langtag: 'NW'
WARNING:root: Unable to create TM for file 'FL419 NW.xls', unknown correspondence in BCP47.
INFO:root: Kantar's langtag: 'LUL'
INFO:root: Trying to create TM for 'lb-LU'
INFO:root: Writing TMX output to file 'EB_lb-LU_TM.tmx'
INFO:root: Kantar's langtag: 'CHI'
INFO:root: Trying to create TM for 'it-CH'
INFO:root: Writing TMX output to file 'EB_it-CH_TM.tmx'
INFO:root: Kantar's langtag: 'AT'
INFO:root: Trying to create TM for 'de-AT'
INFO:root: Writing TMX output to file 'EB_de-AT_TM.tmx'
INFO:root: Kantar's langtag: 'NL'
INFO:root: Trying to create TM for 'nl-NL'
INFO:root: Writing TMX output to file 'EB_nl-NL_TM.tmx'
INFO:root: Kantar's langtag: 'TR'
INFO:root: Trying to create TM for 'tr-TR'
INFO:root: Writing TMX output to file 'EB_tr-TR_TM.tmx'
INFO:root: Kantar's langtag: 'LT'
INFO:root: Trying to create TM for 'lt-LT'
INFO:root: Writing TMX output to file 'EB_lt-LT_TM.tmx'
INFO:root: Kantar's langtag: 'CZ'
INFO:root: Trying to create TM for 'cs-CZ'
INFO:root: Writing TMX output to file 'EB_cs-CZ_TM.tmx'
INFO:root: Kantar's langtag: 'LVR'
INFO:root: Trying to create TM for 'ru-LV'
INFO:root: Writing TMX output to file 'EB_ru-LV_TM.tmx'
INFO:root: Kantar's langtag: 'CY'
INFO:root: Trying to create TM for 'el-CY'
INFO:root: Writing TMX output to file 'EB_el-CY_TM.tmx'
INFO:root: Kantar's langtag: 'FR'
INFO:root: Trying to create TM for 'fr-FR'
INFO:root: Writing TMX output to file 'EB_fr-FR_TM.tmx'
INFO:root: Kantar's langtag: 'SE'
INFO:root: Trying to create TM for 'sv-SE'
INFO:root: Writing TMX output to file 'EB_sv-SE_TM.tmx'
INFO:root: Kantar's langtag: 'BEN'
INFO:root: Trying to create TM for 'nl-BE'
INFO:root: Writing TMX output to file 'EB_nl-BE_TM.tmx'
INFO:root: Kantar's langtag: 'DK'
INFO:root: Trying to create TM for 'da-DK'
INFO:root: Writing TMX output to file 'EB_da-DK_TM.tmx'
INFO:root: Kantar's langtag: 'MTM'
INFO:root: Trying to create TM for 'mt-MT'
INFO:root: Writing TMX output to file 'EB_mt-MT_TM.tmx'
INFO:root: Kantar's langtag: 'EL'
INFO:root: Trying to create TM for 'el-GR'
INFO:root: Writing TMX output to file 'EB_el-GR_TM.tmx'
INFO:root: Kantar's langtag: 'PL'
INFO:root: Trying to create TM for 'pl-PL'
INFO:root: Writing TMX output to file 'EB_pl-PL_TM.tmx'
INFO:root: Finished at 2021-02-22 02:04:33.982908
INFO:root: It look 0:00:14.288038 to run the script
